<?xml version="1.0" encoding="UTF-8"?>
<!-- Generated by org.testng.reporters.JUnitXMLReporter -->
<testsuite ignored="3" hostname="LAPTOP-OD8DFLVQ" failures="0" tests="5" name="Test" time="0.279" errors="0" timestamp="2024-07-17T23:19:12 EDT">
  <testcase classname="TestNG_EX.Paymenttest" name="paymentinRupees" time="0.052"/>
  <testcase classname="TestNG_EX.SignupTest$SignupTests" name="signupbyemail" time="0.017"/>
  <testcase classname="TestNG_EX.SignupTest$SignupTests" name="signupbyfacebook" time="0.009"/>
  <testcase classname="TestNG_EX.SignupTest$SignupTests" name="signupbytwitter" time="0.016"/>
  <testcase classname="TestNG_EX.Paymenttest" name="paymentinDollars" time="0.006"/>
  <testcase classname="TestNG_EX.LoginTest" name="loginByFacebook" time="0.0">
    <ignored/>
  </testcase> <!-- loginByFacebook -->
  <testcase classname="TestNG_EX.LoginTest" name="loginByEmail" time="0.0">
    <ignored/>
  </testcase> <!-- loginByEmail -->
  <testcase classname="TestNG_EX.LoginTest" name="loginBytwitter" time="0.0">
    <ignored/>
  </testcase> <!-- loginBytwitter -->
</testsuite> <!-- Test -->
