<?xml version="1.0" encoding="UTF-8"?>
<testng-results ignored="3" total="8" passed="5" failed="0" skipped="0">
  <reporter-output>
  </reporter-output>
  <suite started-at="2024-07-17T23:19:12 EDT" name="Suite" finished-at="2024-07-17T23:19:12 EDT" duration-ms="279">
    <groups>
      <group name="functional">
        <method signature="Paymenttest.paymentinDollars()[pri:2, instance:TestNG_EX.Paymenttest@43dac38f]" name="paymentinDollars" class="TestNG_EX.Paymenttest"/>
        <method signature="Paymenttest.paymentinRupees()[pri:1, instance:TestNG_EX.Paymenttest@43dac38f]" name="paymentinRupees" class="TestNG_EX.Paymenttest"/>
      </group> <!-- functional -->
      <group name="regression">
        <method signature="Paymenttest.paymentinDollars()[pri:2, instance:TestNG_EX.Paymenttest@43dac38f]" name="paymentinDollars" class="TestNG_EX.Paymenttest"/>
        <method signature="Paymenttest.paymentinRupees()[pri:1, instance:TestNG_EX.Paymenttest@43dac38f]" name="paymentinRupees" class="TestNG_EX.Paymenttest"/>
        <method signature="SignupTest$SignupTests.signupbyemail()[pri:1, instance:TestNG_EX.SignupTest$SignupTests@48f278eb]" name="signupbyemail" class="TestNG_EX.SignupTest$SignupTests"/>
        <method signature="SignupTest$SignupTests.signupbyfacebook()[pri:1, instance:TestNG_EX.SignupTest$SignupTests@48f278eb]" name="signupbyfacebook" class="TestNG_EX.SignupTest$SignupTests"/>
        <method signature="SignupTest$SignupTests.signupbytwitter()[pri:1, instance:TestNG_EX.SignupTest$SignupTests@48f278eb]" name="signupbytwitter" class="TestNG_EX.SignupTest$SignupTests"/>
      </group> <!-- regression -->
      <group name="sanity">
        <method signature="Paymenttest.paymentinDollars()[pri:2, instance:TestNG_EX.Paymenttest@43dac38f]" name="paymentinDollars" class="TestNG_EX.Paymenttest"/>
        <method signature="Paymenttest.paymentinRupees()[pri:1, instance:TestNG_EX.Paymenttest@43dac38f]" name="paymentinRupees" class="TestNG_EX.Paymenttest"/>
      </group> <!-- sanity -->
    </groups>
    <test started-at="2024-07-17T23:19:12 EDT" name="Test" finished-at="2024-07-17T23:19:12 EDT" duration-ms="279">
      <class name="TestNG_EX.SignupTest$SignupTests">
        <test-method signature="signupbyemail()[pri:1, instance:TestNG_EX.SignupTest$SignupTests@48f278eb]" started-at="2024-07-17T23:19:12 EDT" name="signupbyemail" finished-at="2024-07-17T23:19:12 EDT" duration-ms="17" status="PASS">
          <reporter-output>
          </reporter-output>
        </test-method> <!-- signupbyemail -->
        <test-method signature="signupbyfacebook()[pri:1, instance:TestNG_EX.SignupTest$SignupTests@48f278eb]" started-at="2024-07-17T23:19:12 EDT" name="signupbyfacebook" finished-at="2024-07-17T23:19:12 EDT" duration-ms="9" status="PASS">
          <reporter-output>
          </reporter-output>
        </test-method> <!-- signupbyfacebook -->
        <test-method signature="signupbytwitter()[pri:1, instance:TestNG_EX.SignupTest$SignupTests@48f278eb]" started-at="2024-07-17T23:19:12 EDT" name="signupbytwitter" finished-at="2024-07-17T23:19:12 EDT" duration-ms="16" status="PASS">
          <reporter-output>
          </reporter-output>
        </test-method> <!-- signupbytwitter -->
      </class> <!-- TestNG_EX.SignupTest$SignupTests -->
      <class name="TestNG_EX.Paymenttest">
        <test-method signature="paymentinRupees()[pri:1, instance:TestNG_EX.Paymenttest@43dac38f]" started-at="2024-07-17T23:19:12 EDT" name="paymentinRupees" finished-at="2024-07-17T23:19:12 EDT" duration-ms="52" status="PASS">
          <reporter-output>
          </reporter-output>
        </test-method> <!-- paymentinRupees -->
        <test-method signature="paymentinDollars()[pri:2, instance:TestNG_EX.Paymenttest@43dac38f]" started-at="2024-07-17T23:19:12 EDT" name="paymentinDollars" finished-at="2024-07-17T23:19:12 EDT" duration-ms="6" status="PASS">
          <reporter-output>
          </reporter-output>
        </test-method> <!-- paymentinDollars -->
      </class> <!-- TestNG_EX.Paymenttest -->
    </test> <!-- Test -->
  </suite> <!-- Suite -->
</testng-results>
